<?xml version="1.0" encoding="UTF-8"?>
<!-- Generated by org.testng.reporters.JUnitXMLReporter -->
<testsuite ignored="0" hostname="LAPTOP-U66FBCGM" failures="1" tests="2" name="ListenerDemo" time="0.066" errors="0" timestamp="2023-05-05T19:47:35 IST">
  <testcase classname="ListenerDemo1" name="sub" time="0.017">
    <failure type="junit.framework.AssertionFailedError" message="expected:&amp;lt;25&amp;gt; but was:&amp;lt;5&amp;gt;">
      <![CDATA[junit.framework.AssertionFailedError: expected:<25> but was:<5>
at junit.framework.Assert.fail(Assert.java:47)
at junit.framework.Assert.failNotEquals(Assert.java:282)
at junit.framework.Assert.assertEquals(Assert.java:64)
at junit.framework.Assert.assertEquals(Assert.java:201)
at junit.framework.Assert.assertEquals(Assert.java:207)
at ListenerDemo1.sub(ListenerDemo1.java:28)
at java.base/java.util.ArrayList.forEach(ArrayList.java:1511)
... Removed 25 stack frames]]>
    </failure>
  </testcase> <!-- sub -->
  <testcase classname="ListenerDemo1" name="sum" time="0.002"/>
</testsuite> <!-- ListenerDemo -->
