<?xml version="1.0" encoding="UTF-8"?>
<!-- Generated by org.testng.reporters.JUnitXMLReporter -->
<testsuite ignored="0" hostname="LAPTOP-U66FBCGM" failures="0" tests="4" name="Test" time="0.067" errors="0" timestamp="2023-06-12T11:22:07 IST">
  <testcase classname="TestNGConcepts.GroupsDemo" name="A" time="0.01"/>
  <testcase classname="TestNGConcepts.GroupsDemo" name="B" time="0.002"/>
  <testcase classname="TestNGConcepts.GroupsDemo" name="C" time="0.002"/>
  <testcase classname="TestNGConcepts.GroupsDemo" name="D" time="0.001"/>
</testsuite> <!-- Test -->
