<?xml version="1.0" encoding="UTF-8"?>
<!-- Generated by org.testng.reporters.JUnitXMLReporter -->
<testsuite ignored="0" hostname="LAPTOP-U66FBCGM" failures="0" tests="4" name="Account" time="0.084" errors="0" timestamp="2023-04-26T12:52:36 IST">
  <testcase classname="AccountCreation.AccountCreate" name="enterAccname" time="0.019"/>
  <testcase classname="AccountCreation.AccountCreate" name="enterAccno" time="0.001"/>
  <testcase classname="AccountCreation.CustomerInfo" name="customerinfo" time="0.002"/>
  <testcase classname="AccountCreation.CustomerInfo" name="customerinfo1" time="0.003"/>
</testsuite> <!-- Account -->
