<?xml version="1.0" encoding="UTF-8"?>
<!-- Generated by org.testng.reporters.JUnitXMLReporter -->
<testsuite ignored="3" hostname="LAPTOP-U66FBCGM" failures="0" tests="3" name="GroupsDemoTest" time="0.076" errors="0" timestamp="2023-06-16T23:30:23 IST">
  <testcase classname="TestNGConcepts.GroupsDemo" name="A" time="0.013"/>
  <testcase classname="TestNGConcepts.GroupsDemo" name="B" time="0.002"/>
  <testcase classname="TestNGConcepts.GroupsDemo1" name="A" time="0.003"/>
  <testcase classname="TestNGConcepts.GroupsDemo1" name="B" time="0.0">
    <ignored/>
  </testcase> <!-- B -->
  <testcase classname="TestNGConcepts.GroupsDemo" name="C" time="0.0">
    <ignored/>
  </testcase> <!-- C -->
  <testcase classname="TestNGConcepts.GroupsDemo" name="D" time="0.0">
    <ignored/>
  </testcase> <!-- D -->
</testsuite> <!-- GroupsDemoTest -->
