<?xml version="1.0" encoding="UTF-8"?>
<!-- Generated by org.testng.reporters.JUnitXMLReporter -->
<testsuite ignored="2" hostname="LAPTOP-U66FBCGM" failures="0" tests="4" name="test2" time="23.689" errors="0" timestamp="2023-06-12T17:35:59 IST">
  <testcase classname="TestNGConcepts.TestClarification" name="google" time="4.702"/>
  <testcase classname="TestNGConcepts.TestClarification" name="insta" time="2.899"/>
  <testcase classname="TestNGConcepts.Fb1" name="facebook" time="4.658"/>
  <testcase classname="TestNGConcepts.Fb1" name="youtube" time="8.025"/>
  <testcase classname="TestNGConcepts.Base" name="@AfterTest tearDown" time="0.0">
    <ignored/>
  </testcase> <!-- @AfterTest tearDown -->
  <testcase classname="TestNGConcepts.Base" name="@BeforeTest openBrowser" time="0.0">
    <ignored/>
  </testcase> <!-- @BeforeTest openBrowser -->
</testsuite> <!-- test2 -->
