<?xml version="1.0" encoding="UTF-8"?>
<!-- Generated by org.testng.reporters.JUnitXMLReporter -->
<testsuite ignored="0" hostname="LAPTOP-U66FBCGM" failures="0" tests="4" name="ThreadDemoTest" time="0.105" errors="0" timestamp="2023-06-20T12:03:37 IST">
  <testcase classname="TestNGConcepts.ThreadDemo" name="test1" time="0.016"/>
  <testcase classname="TestNGConcepts.ThreadDemo" name="test2" time="0.005"/>
  <testcase classname="TestNGConcepts.ThreadDemo1" name="test1" time="0.003"/>
  <testcase classname="TestNGConcepts.ThreadDemo1" name="test2" time="0.018"/>
</testsuite> <!-- ThreadDemoTest -->
