<?xml version="1.0" encoding="UTF-8"?>
<!-- Generated by org.testng.reporters.JUnitXMLReporter -->
<testsuite ignored="2" hostname="LAPTOP-U66FBCGM" failures="0" tests="2" name="Groupings Demo" time="0.048" errors="0" timestamp="2023-07-25T19:55:09 IST">
  <testcase classname="TestNGConcepts.GroupsDemo" name="A" time="0.01"/>
  <testcase classname="TestNGConcepts.GroupsDemo" name="B" time="0.002"/>
  <testcase classname="TestNGConcepts.GroupsDemo" name="C" time="0.0">
    <ignored/>
  </testcase> <!-- C -->
  <testcase classname="TestNGConcepts.GroupsDemo" name="D" time="0.0">
    <ignored/>
  </testcase> <!-- D -->
</testsuite> <!-- Groupings Demo -->
