<?xml version="1.0" encoding="UTF-8"?>
<testng-results ignored="0" total="2" passed="2" failed="0" skipped="0">
  <reporter-output>
  </reporter-output>
  <suite started-at="2024-02-02T21:09:08 IST" name="Default suite" finished-at="2024-02-02T21:09:08 IST" duration-ms="46">
    <groups>
    </groups>
    <test started-at="2024-02-02T21:09:08 IST" name="Default test" finished-at="2024-02-02T21:09:08 IST" duration-ms="46">
      <class name="TestNGConcepts.FactoryDemo2">
        <test-method signature="test1()[pri:0, instance:TestNGConcepts.FactoryDemo2@d35dea7, instance params:[]]" started-at="2024-02-02T21:09:08 IST" name="test1" finished-at="2024-02-02T21:09:08 IST" duration-ms="9" status="PASS">
          <reporter-output>
          </reporter-output>
        </test-method> <!-- test1 -->
        <test-method signature="test2()[pri:0, instance:TestNGConcepts.FactoryDemo2@d35dea7, instance params:[]]" started-at="2024-02-02T21:09:08 IST" name="test2" finished-at="2024-02-02T21:09:08 IST" duration-ms="2" status="PASS">
          <reporter-output>
          </reporter-output>
        </test-method> <!-- test2 -->
      </class> <!-- TestNGConcepts.FactoryDemo2 -->
    </test> <!-- Default test -->
  </suite> <!-- Default suite -->
</testng-results>
