<?xml version="1.0" encoding="UTF-8"?>
<!-- Generated by org.testng.reporters.JUnitXMLReporter -->
<testsuite ignored="0" hostname="LAPTOP-U66FBCGM" failures="0" tests="4" name="depends on groups demo" time="0.053" errors="0" timestamp="2023-08-09T22:59:35 IST">
  <testcase classname="InterviewDemo_java.ParamaeterDemo" name="test1" time="0.007"/>
  <testcase classname="InterviewDemo_java.ParamaeterDemo" name="test2" time="0.001"/>
  <testcase classname="InterviewDemo_java.ParameterDemo1" name="test1" time="0.002"/>
  <testcase classname="InterviewDemo_java.ParameterDemo1" name="test2" time="0.001"/>
</testsuite> <!-- depends on groups demo -->
