<?xml version="1.0" encoding="UTF-8"?>
<!-- Generated by org.testng.reporters.JUnitXMLReporter -->
<testsuite ignored="0" hostname="LAPTOP-U66FBCGM" failures="0" tests="4" name="parallel test demo1" time="0.053" errors="0" timestamp="2023-08-10T20:49:47 IST">
  <testcase classname="TestNGConcepts.ThreadDemo" name="test1" time="0.009"/>
  <testcase classname="TestNGConcepts.ThreadDemo" name="test2" time="0.002"/>
  <testcase classname="TestNGConcepts.ThreadDemo1" name="test1" time="0.002"/>
  <testcase classname="TestNGConcepts.ThreadDemo1" name="test2" time="0.001"/>
</testsuite> <!-- parallel test demo1 -->
