<?xml version="1.0" encoding="UTF-8"?>
<!-- Generated by org.testng.reporters.JUnitXMLReporter -->
<testsuite ignored="0" hostname="LAPTOP-U66FBCGM" failures="0" tests="4" name="parameter1" time="0.054" errors="0" timestamp="2023-10-24T08:49:25 IST">
  <testcase classname="TestNGPractice.PrameterDemo" name="name" time="0.009"/>
  <testcase classname="TestNGPractice.PrameterDemo" name="name1" time="0.001"/>
  <testcase classname="TestNGPractice.Parameter1" name="name" time="0.001"/>
  <testcase classname="TestNGPractice.Parameter1" name="name1" time="0.001"/>
</testsuite> <!-- parameter1 -->
